<?xml version="1.0" encoding="UTF-8"?>
<!-- Generated by org.testng.reporters.JUnitReportReporter -->
<testsuite hostname="INBOOK_X2_PLUS" failures="0" tests="1" name="com.comcast.HMS.room.RoomBatchTestNew" time="2.235" errors="0" timestamp="2025-03-13T15:35:21 IST" skipped="0">
  <testcase classname="com.comcast.HMS.room.RoomBatchTestNew" name="roomInfoForPatientTestNew" time="2.235"/>
</testsuite> <!-- com.comcast.HMS.room.RoomBatchTestNew -->
