<?xml version="1.0" encoding="UTF-8"?>
<!-- Generated by org.testng.reporters.JUnitReportReporter -->
<testsuite hostname="INBOOK_X2_PLUS" failures="0" tests="1" name="com.comcast.HMS.invoice.InvoicePatientBatchTest" time="3.367" errors="0" timestamp="2025-03-14T16:09:39 IST" skipped="0">
  <testcase classname="com.comcast.HMS.invoice.InvoicePatientBatchTest" name="patientOPDInvoMakeTest" time="3.367"/>
  <system-out/>
</testsuite> <!-- com.comcast.HMS.invoice.InvoicePatientBatchTest -->
