<?xml version="1.0" encoding="UTF-8"?>
<!-- Generated by org.testng.reporters.JUnitReportReporter -->
<testsuite hostname="INBOOK_X2_PLUS" failures="0" tests="1" name="com.camcast.HMS.patient.PatientBatchTest" time="2.112" errors="0" timestamp="2025-03-13T18:27:27 IST" skipped="0">
  <testcase classname="com.camcast.HMS.patient.PatientBatchTest" name="patientInfoCheckTest" time="2.112"/>
  <system-out/>
</testsuite> <!-- com.camcast.HMS.patient.PatientBatchTest -->
