<?xml version="1.0" encoding="UTF-8"?>
<!-- Generated by org.testng.reporters.JUnitReportReporter -->
<testsuite hostname="INBOOK_X2_PLUS" failures="0" tests="2" name="com.comcast.HMS.staff.CreateStaffAndVerifyTestNew" time="8.270" errors="0" timestamp="2025-03-14T17:24:28 IST" skipped="0">
  <testcase classname="com.comcast.HMS.staff.CreateStaffAndVerifyTestNew" name="staffActiveMemberTest" time="2.095"/>
  <system-out/>
  <testcase classname="com.comcast.HMS.staff.CreateStaffAndVerifyTestNew" name="createDocAndVerifyTest" time="6.175"/>
  <system-out/>
</testsuite> <!-- com.comcast.HMS.staff.CreateStaffAndVerifyTestNew -->
