<?xml version="1.0" encoding="UTF-8"?>
<!-- Generated by org.testng.reporters.JUnitReportReporter -->
<testsuite hostname="INBOOK_X2_PLUS" failures="0" tests="1" name="com.comcast.HMS.room.RoomBatchTest" time="4.911" errors="0" timestamp="2025-03-14T16:23:24 IST" skipped="0">
  <testcase classname="com.comcast.HMS.room.RoomBatchTest" name="updateRoomInfoTest" time="4.911"/>
  <system-out/>
</testsuite> <!-- com.comcast.HMS.room.RoomBatchTest -->
