<?xml version="1.0" encoding="UTF-8"?>
<!-- Generated by org.testng.reporters.JUnitReportReporter -->
<testsuite hostname="INBOOK_X2_PLUS" failures="0" tests="2" name="com.comcast.HMS.invoice.InvoicePatientBatchTestNew" time="28.658" errors="0" timestamp="2025-03-13T14:51:50 IST" skipped="0">
  <testcase classname="com.comcast.HMS.invoice.InvoicePatientBatchTestNew" name="patientOPDInvoMakeTestNew" time="4.034"/>
  <testcase classname="com.comcast.HMS.invoice.InvoicePatientBatchTestNew" name="allADmitPatientInvoTestNew" time="24.624"/>
</testsuite> <!-- com.comcast.HMS.invoice.InvoicePatientBatchTestNew -->
