<?xml version="1.0" encoding="UTF-8"?>
<!-- Generated by org.testng.reporters.JUnitReportReporter -->
<testsuite hostname="INBOOK_X2_PLUS" failures="0" tests="1" name="com.comcast.HMS.staff.CreateStaffAndVerifyTestNew" time="2.399" errors="0" timestamp="2025-03-13T15:45:29 IST" skipped="0">
  <testcase classname="com.comcast.HMS.staff.CreateStaffAndVerifyTestNew" name="staffActiveMemberTestNew" time="2.399"/>
</testsuite> <!-- com.comcast.HMS.staff.CreateStaffAndVerifyTestNew -->
