<?xml version="1.0" encoding="UTF-8"?>
<!-- Generated by org.testng.reporters.JUnitReportReporter -->
<testsuite hostname="INBOOK_X2_PLUS" failures="0" tests="1" name="com.comcast.HMS.admittedpatientinfo.AdmittedPatientBatchTestNew" time="34.536" errors="0" timestamp="2025-03-13T14:41:38 IST" skipped="0">
  <testcase classname="com.comcast.HMS.admittedpatientinfo.AdmittedPatientBatchTestNew" name="dischargePatientTestNew" time="34.536"/>
</testsuite> <!-- com.comcast.HMS.admittedpatientinfo.AdmittedPatientBatchTestNew -->
