<?xml version="1.0" encoding="UTF-8"?>
<!-- Generated by org.testng.reporters.JUnitReportReporter -->
<testsuite hostname="INBOOK_X2_PLUS" failures="0" tests="1" name="com.comcast.HMS.admittedpatientinfo.AdmittedPatientBatchTest" time="4.233" errors="0" timestamp="2025-03-13T18:02:30 IST" skipped="0">
  <testcase classname="com.comcast.HMS.admittedpatientinfo.AdmittedPatientBatchTest" name="dischargePatientTest" time="4.233"/>
  <system-out/>
</testsuite> <!-- com.comcast.HMS.admittedpatientinfo.AdmittedPatientBatchTest -->
